# JRE version: OpenJDK Runtime Environment (11.0.11+9) (build 11.0.11+9-Ubuntu-0ubuntu2)
# Java VM: OpenJDK 64-Bit Server VM (11.0.11+9-Ubuntu-0ubuntu2, mixed mode, tiered, compressed oops, g1 gc, linux-amd64)
Heap:
 garbage-first heap   total 303104K, used 206961K [0x0000000085400000, 0x0000000100000000)
  region size 1024K, 11 young (11264K), 3 survivors (3072K)
 Metaspace       used 69268K, capacity 71876K, committed 72192K, reserved 1112064K
  class space    used 8638K, capacity 9717K, committed 9728K, reserved 1048576K
GC Heap History (20 events):
Event: 152.553 GC heap before
{Heap before GC invocations=45 (full 0):
 garbage-first heap   total 303104K, used 227840K [0x0000000085400000, 0x0000000100000000)
  region size 1024K, 58 young (59392K), 2 survivors (2048K)
 Metaspace       used 60431K, capacity 62910K, committed 62976K, reserved 1103872K
  class space    used 7664K, capacity 8701K, committed 8704K, reserved 1048576K
}
Event: 152.555 GC heap after
{Heap after GC invocations=46 (full 0):
 garbage-first heap   total 303104K, used 169933K [0x0000000085400000, 0x0000000100000000)
  region size 1024K, 2 young (2048K), 2 survivors (2048K)
 Metaspace       used 60431K, capacity 62910K, committed 62976K, reserved 1103872K
  class space    used 7664K, capacity 8701K, committed 8704K, reserved 1048576K
}
Event: 152.620 GC heap before
{Heap before GC invocations=47 (full 0):
 garbage-first heap   total 303104K, used 246733K [0x0000000085400000, 0x0000000100000000)
  region size 1024K, 74 young (75776K), 2 survivors (2048K)
 Metaspace       used 60443K, capacity 62910K, committed 62976K, reserved 1103872K
  class space    used 7666K, capacity 8701K, committed 8704K, reserved 1048576K
}
Event: 152.622 GC heap after
{Heap after GC invocations=48 (full 0):
 garbage-first heap   total 303104K, used 169435K [0x0000000085400000, 0x0000000100000000)
  region size 1024K, 1 young (1024K), 1 survivors (1024K)
 Metaspace       used 60443K, capacity 62910K, committed 62976K, reserved 1103872K
  class space    used 7666K, capacity 8701K, committed 8704K, reserved 1048576K
}
Event: 152.653 GC heap before
{Heap before GC invocations=48 (full 0):
 garbage-first heap   total 303104K, used 183771K [0x0000000085400000, 0x0000000100000000)
  region size 1024K, 15 young (15360K), 1 survivors (1024K)
 Metaspace       used 60443K, capacity 62910K, committed 62976K, reserved 1103872K
  class space    used 7666K, capacity 8701K, committed 8704K, reserved 1048576K
}
Event: 152.655 GC heap after
{Heap after GC invocations=49 (full 0):
 garbage-first heap   total 303104K, used 139865K [0x0000000085400000, 0x0000000100000000)
  region size 1024K, 1 young (1024K), 1 survivors (1024K)
 Metaspace       used 60443K, capacity 62910K, committed 62976K, reserved 1103872K
  class space    used 7666K, capacity 8701K, committed 8704K, reserved 1048576K
}
Event: 152.680 GC heap before
{Heap before GC invocations=49 (full 0):
 garbage-first heap   total 303104K, used 154201K [0x0000000085400000, 0x0000000100000000)
  region size 1024K, 15 young (15360K), 1 survivors (1024K)
 Metaspace       used 60443K, capacity 62910K, committed 62976K, reserved 1103872K
  class space    used 7666K, capacity 8701K, committed 8704K, reserved 1048576K
}
Event: 152.683 GC heap after
{Heap after GC invocations=50 (full 0):
 garbage-first heap   total 303104K, used 135180K [0x0000000085400000, 0x0000000100000000)
  region size 1024K, 2 young (2048K), 2 survivors (2048K)
 Metaspace       used 60443K, capacity 62910K, committed 62976K, reserved 1103872K
  class space    used 7666K, capacity 8701K, committed 8704K, reserved 1048576K
}
Event: 152.787 GC heap before
{Heap before GC invocations=50 (full 0):
 garbage-first heap   total 303104K, used 236556K [0x0000000085400000, 0x0000000100000000)
  region size 1024K, 95 young (97280K), 2 survivors (2048K)
 Metaspace       used 60449K, capacity 62974K, committed 63232K, reserved 1103872K
  class space    used 7666K, capacity 8701K, committed 8704K, reserved 1048576K
}
Event: 152.789 GC heap after
{Heap after GC invocations=51 (full 0):
 garbage-first heap   total 303104K, used 135918K [0x0000000085400000, 0x0000000100000000)
  region size 1024K, 2 young (2048K), 2 survivors (2048K)
 Metaspace       used 60449K, capacity 62974K, committed 63232K, reserved 1103872K
  class space    used 7666K, capacity 8701K, committed 8704K, reserved 1048576K
}
Event: 152.983 GC heap before
{Heap before GC invocations=51 (full 0):
 garbage-first heap   total 303104K, used 241390K [0x0000000085400000, 0x0000000100000000)
  region size 1024K, 100 young (102400K), 2 survivors (2048K)
 Metaspace       used 60466K, capacity 62978K, committed 63232K, reserved 1103872K
  class space    used 7666K, capacity 8701K, committed 8704K, reserved 1048576K
}
Event: 152.985 GC heap after
{Heap after GC invocations=52 (full 0):
 garbage-first heap   total 303104K, used 135864K [0x0000000085400000, 0x0000000100000000)
  region size 1024K, 2 young (2048K), 2 survivors (2048K)
 Metaspace       used 60466K, capacity 62978K, committed 63232K, reserved 1103872K
  class space    used 7666K, capacity 8701K, committed 8704K, reserved 1048576K
}
Event: 153.474 GC heap before
{Heap before GC invocations=52 (full 0):
 garbage-first heap   total 303104K, used 238264K [0x0000000085400000, 0x0000000100000000)
  region size 1024K, 100 young (102400K), 2 survivors (2048K)
 Metaspace       used 60469K, capacity 62980K, committed 63232K, reserved 1103872K
  class space    used 7666K, capacity 8701K, committed 8704K, reserved 1048576K
}
Event: 153.483 GC heap after
{Heap after GC invocations=53 (full 0):
 garbage-first heap   total 303104K, used 148475K [0x0000000085400000, 0x0000000100000000)
  region size 1024K, 13 young (13312K), 13 survivors (13312K)
 Metaspace       used 60469K, capacity 62980K, committed 63232K, reserved 1103872K
  class space    used 7666K, capacity 8701K, committed 8704K, reserved 1048576K
}
Event: 153.683 GC heap before
{Heap before GC invocations=53 (full 0):
 garbage-first heap   total 303104K, used 239611K [0x0000000085400000, 0x0000000100000000)
  region size 1024K, 99 young (101376K), 13 survivors (13312K)
 Metaspace       used 62980K, capacity 65480K, committed 65664K, reserved 1105920K
  class space    used 8037K, capacity 9088K, committed 9088K, reserved 1048576K
}
Event: 153.705 GC heap after
{Heap after GC invocations=54 (full 0):
 garbage-first heap   total 303104K, used 177917K [0x0000000085400000, 0x0000000100000000)
  region size 1024K, 13 young (13312K), 13 survivors (13312K)
 Metaspace       used 62980K, capacity 65480K, committed 65664K, reserved 1105920K
  class space    used 8037K, capacity 9088K, committed 9088K, reserved 1048576K
}
Event: 154.282 GC heap before
{Heap before GC invocations=54 (full 0):
 garbage-first heap   total 303104K, used 245501K [0x0000000085400000, 0x0000000100000000)
  region size 1024K, 74 young (75776K), 13 survivors (13312K)
 Metaspace       used 68194K, capacity 70785K, committed 71168K, reserved 1110016K
  class space    used 8555K, capacity 9632K, committed 9728K, reserved 1048576K
}
Event: 154.294 GC heap after
{Heap after GC invocations=55 (full 0):
 garbage-first heap   total 303104K, used 189440K [0x0000000085400000, 0x0000000100000000)
  region size 1024K, 8 young (8192K), 8 survivors (8192K)
 Metaspace       used 68194K, capacity 70785K, committed 71168K, reserved 1110016K
  class space    used 8555K, capacity 9632K, committed 9728K, reserved 1048576K
}
Event: 154.833 GC heap before
{Heap before GC invocations=55 (full 0):
 garbage-first heap   total 303104K, used 222208K [0x0000000085400000, 0x0000000100000000)
  region size 1024K, 27 young (27648K), 8 survivors (8192K)
 Metaspace       used 69176K, capacity 71778K, committed 71936K, reserved 1112064K
  class space    used 8625K, capacity 9706K, committed 9728K, reserved 1048576K
}
Event: 154.838 GC heap after
{Heap after GC invocations=56 (full 0):
 garbage-first heap   total 303104K, used 205937K [0x0000000085400000, 0x0000000100000000)
  region size 1024K, 3 young (3072K), 3 survivors (3072K)
 Metaspace       used 69176K, capacity 71778K, committed 71936K, reserved 1112064K
  class space    used 8625K, capacity 9706K, committed 9728K, reserved 1048576K
}

