# JRE version: OpenJDK Runtime Environment (11.0.11+9) (build 11.0.11+9-Ubuntu-0ubuntu2)
# Java VM: OpenJDK 64-Bit Server VM (11.0.11+9-Ubuntu-0ubuntu2, mixed mode, tiered, compressed oops, g1 gc, linux-amd64)
Heap:
 garbage-first heap   total 253952K, used 156003K [0x0000000085400000, 0x0000000100000000)
  region size 1024K, 37 young (37888K), 4 survivors (4096K)
 Metaspace       used 68507K, capacity 71300K, committed 71552K, reserved 1110016K
  class space    used 8840K, capacity 10002K, committed 10112K, reserved 1048576K
GC Heap History (20 events):
Event: 14.710 GC heap before
{Heap before GC invocations=8 (full 0):
 garbage-first heap   total 253952K, used 130635K [0x0000000085400000, 0x0000000100000000)
  region size 1024K, 88 young (90112K), 1 survivors (1024K)
 Metaspace       used 51945K, capacity 54155K, committed 54400K, reserved 1095680K
  class space    used 7046K, capacity 7967K, committed 8064K, reserved 1048576K
}
Event: 14.731 GC heap after
{Heap after GC invocations=9 (full 0):
 garbage-first heap   total 253952K, used 49965K [0x0000000085400000, 0x0000000100000000)
  region size 1024K, 9 young (9216K), 9 survivors (9216K)
 Metaspace       used 51945K, capacity 54155K, committed 54400K, reserved 1095680K
  class space    used 7046K, capacity 7967K, committed 8064K, reserved 1048576K
}
Event: 26.954 GC heap before
{Heap before GC invocations=10 (full 0):
 garbage-first heap   total 253952K, used 190253K [0x0000000085400000, 0x0000000100000000)
  region size 1024K, 106 young (108544K), 9 survivors (9216K)
 Metaspace       used 56309K, capacity 58806K, committed 59136K, reserved 1099776K
  class space    used 7559K, capacity 8608K, committed 8704K, reserved 1048576K
}
Event: 26.962 GC heap after
{Heap after GC invocations=11 (full 0):
 garbage-first heap   total 253952K, used 58475K [0x0000000085400000, 0x0000000100000000)
  region size 1024K, 5 young (5120K), 5 survivors (5120K)
 Metaspace       used 56309K, capacity 58806K, committed 59136K, reserved 1099776K
  class space    used 7559K, capacity 8608K, committed 8704K, reserved 1048576K
}
Event: 196.941 GC heap before
{Heap before GC invocations=11 (full 0):
 garbage-first heap   total 253952K, used 170091K [0x0000000085400000, 0x0000000100000000)
  region size 1024K, 115 young (117760K), 5 survivors (5120K)
 Metaspace       used 57677K, capacity 60151K, committed 60544K, reserved 1101824K
  class space    used 7648K, capacity 8710K, committed 8832K, reserved 1048576K
}
Event: 196.944 GC heap after
{Heap after GC invocations=12 (full 0):
 garbage-first heap   total 253952K, used 59022K [0x0000000085400000, 0x0000000100000000)
  region size 1024K, 6 young (6144K), 6 survivors (6144K)
 Metaspace       used 57677K, capacity 60151K, committed 60544K, reserved 1101824K
  class space    used 7648K, capacity 8710K, committed 8832K, reserved 1048576K
}
Event: 236.112 GC heap before
{Heap before GC invocations=12 (full 0):
 garbage-first heap   total 253952K, used 174734K [0x0000000085400000, 0x0000000100000000)
  region size 1024K, 119 young (121856K), 6 survivors (6144K)
 Metaspace       used 58536K, capacity 61063K, committed 61312K, reserved 1101824K
  class space    used 7686K, capacity 8759K, committed 8832K, reserved 1048576K
}
Event: 236.116 GC heap after
{Heap after GC invocations=13 (full 0):
 garbage-first heap   total 253952K, used 59499K [0x0000000085400000, 0x0000000100000000)
  region size 1024K, 6 young (6144K), 6 survivors (6144K)
 Metaspace       used 58536K, capacity 61063K, committed 61312K, reserved 1101824K
  class space    used 7686K, capacity 8759K, committed 8832K, reserved 1048576K
}
Event: 315.247 GC heap before
{Heap before GC invocations=13 (full 0):
 garbage-first heap   total 253952K, used 215147K [0x0000000085400000, 0x0000000100000000)
  region size 1024K, 126 young (129024K), 6 survivors (6144K)
 Metaspace       used 67011K, capacity 69695K, committed 69888K, reserved 1110016K
  class space    used 8745K, capacity 9901K, committed 9984K, reserved 1048576K
}
Event: 315.255 GC heap after
{Heap after GC invocations=14 (full 0):
 garbage-first heap   total 253952K, used 94524K [0x0000000085400000, 0x0000000100000000)
  region size 1024K, 16 young (16384K), 16 survivors (16384K)
 Metaspace       used 67011K, capacity 69695K, committed 69888K, reserved 1110016K
  class space    used 8745K, capacity 9901K, committed 9984K, reserved 1048576K
}
Event: 326.373 GC heap before
{Heap before GC invocations=14 (full 0):
 garbage-first heap   total 253952K, used 207164K [0x0000000085400000, 0x0000000100000000)
  region size 1024K, 112 young (114688K), 16 survivors (16384K)
 Metaspace       used 67491K, capacity 70166K, committed 70400K, reserved 1110016K
  class space    used 8753K, capacity 9906K, committed 9984K, reserved 1048576K
}
Event: 326.384 GC heap after
{Heap after GC invocations=15 (full 0):
 garbage-first heap   total 253952K, used 104323K [0x0000000085400000, 0x0000000100000000)
  region size 1024K, 14 young (14336K), 14 survivors (14336K)
 Metaspace       used 67491K, capacity 70166K, committed 70400K, reserved 1110016K
  class space    used 8753K, capacity 9906K, committed 9984K, reserved 1048576K
}
Event: 546.776 GC heap before
{Heap before GC invocations=15 (full 0):
 garbage-first heap   total 253952K, used 190339K [0x0000000085400000, 0x0000000100000000)
  region size 1024K, 98 young (100352K), 14 survivors (14336K)
 Metaspace       used 67835K, capacity 70537K, committed 70656K, reserved 1110016K
  class space    used 8776K, capacity 9920K, committed 9984K, reserved 1048576K
}
Event: 546.784 GC heap after
{Heap after GC invocations=16 (full 0):
 garbage-first heap   total 253952K, used 102400K [0x0000000085400000, 0x0000000100000000)
  region size 1024K, 7 young (7168K), 7 survivors (7168K)
 Metaspace       used 67835K, capacity 70537K, committed 70656K, reserved 1110016K
  class space    used 8776K, capacity 9920K, committed 9984K, reserved 1048576K
}
Event: 547.006 GC heap before
{Heap before GC invocations=16 (full 0):
 garbage-first heap   total 253952K, used 191488K [0x0000000085400000, 0x0000000100000000)
  region size 1024K, 94 young (96256K), 7 survivors (7168K)
 Metaspace       used 68335K, capacity 71022K, committed 71296K, reserved 1110016K
  class space    used 8831K, capacity 9996K, committed 10112K, reserved 1048576K
}
Event: 547.013 GC heap after
{Heap after GC invocations=17 (full 0):
 garbage-first heap   total 253952K, used 115965K [0x0000000085400000, 0x0000000100000000)
  region size 1024K, 12 young (12288K), 12 survivors (12288K)
 Metaspace       used 68335K, capacity 71022K, committed 71296K, reserved 1110016K
  class space    used 8831K, capacity 9996K, committed 10112K, reserved 1048576K
}
Event: 547.186 GC heap before
{Heap before GC invocations=17 (full 0):
 garbage-first heap   total 253952K, used 193789K [0x0000000085400000, 0x0000000100000000)
  region size 1024K, 88 young (90112K), 12 survivors (12288K)
 Metaspace       used 68338K, capacity 71022K, committed 71296K, reserved 1110016K
  class space    used 8831K, capacity 9996K, committed 10112K, reserved 1048576K
}
Event: 547.191 GC heap after
{Heap after GC invocations=18 (full 0):
 garbage-first heap   total 253952K, used 117478K [0x0000000085400000, 0x0000000100000000)
  region size 1024K, 8 young (8192K), 8 survivors (8192K)
 Metaspace       used 68338K, capacity 71022K, committed 71296K, reserved 1110016K
  class space    used 8831K, capacity 9996K, committed 10112K, reserved 1048576K
}
Event: 554.686 GC heap before
{Heap before GC invocations=18 (full 0):
 garbage-first heap   total 253952K, used 136934K [0x0000000085400000, 0x0000000100000000)
  region size 1024K, 25 young (25600K), 8 survivors (8192K)
 Metaspace       used 68425K, capacity 71095K, committed 71296K, reserved 1110016K
  class space    used 8838K, capacity 9999K, committed 10112K, reserved 1048576K
}
Event: 554.692 GC heap after
{Heap after GC invocations=19 (full 0):
 garbage-first heap   total 253952K, used 122211K [0x0000000085400000, 0x0000000100000000)
  region size 1024K, 4 young (4096K), 4 survivors (4096K)
 Metaspace       used 68425K, capacity 71095K, committed 71296K, reserved 1110016K
  class space    used 8838K, capacity 9999K, committed 10112K, reserved 1048576K
}

