# JRE version: OpenJDK Runtime Environment (11.0.13+8) (build 11.0.13+8-Ubuntu-0ubuntu1)
# Java VM: OpenJDK 64-Bit Server VM (11.0.13+8-Ubuntu-0ubuntu1, mixed mode, sharing, tiered, compressed oops, g1 gc, linux-amd64)
Heap:
 garbage-first heap   total 343040K, used 287791K [0x0000000085400000, 0x0000000100000000)
  region size 1024K, 47 young (48128K), 1 survivors (1024K)
 Metaspace       used 66536K, capacity 69454K, committed 69884K, reserved 1110016K
  class space    used 8238K, capacity 9428K, committed 9548K, reserved 1048576K
GC Heap History (20 events):
Event: 2199.243 GC heap before
{Heap before GC invocations=413 (full 0):
 garbage-first heap   total 343040K, used 272815K [0x0000000085400000, 0x0000000100000000)
  region size 1024K, 45 young (46080K), 2 survivors (2048K)
 Metaspace       used 66415K, capacity 69315K, committed 69884K, reserved 1110016K
  class space    used 8233K, capacity 9425K, committed 9548K, reserved 1048576K
}
Event: 2199.257 GC heap after
{Heap after GC invocations=414 (full 0):
 garbage-first heap   total 343040K, used 230633K [0x0000000085400000, 0x0000000100000000)
  region size 1024K, 3 young (3072K), 3 survivors (3072K)
 Metaspace       used 66415K, capacity 69315K, committed 69884K, reserved 1110016K
  class space    used 8233K, capacity 9425K, committed 9548K, reserved 1048576K
}
Event: 2204.768 GC heap before
{Heap before GC invocations=415 (full 0):
 garbage-first heap   total 343040K, used 294121K [0x0000000085400000, 0x0000000100000000)
  region size 1024K, 59 young (60416K), 3 survivors (3072K)
 Metaspace       used 66455K, capacity 69381K, committed 69884K, reserved 1110016K
  class space    used 8233K, capacity 9425K, committed 9548K, reserved 1048576K
}
Event: 2204.776 GC heap after
{Heap after GC invocations=416 (full 0):
 garbage-first heap   total 343040K, used 246845K [0x0000000085400000, 0x0000000100000000)
  region size 1024K, 8 young (8192K), 8 survivors (8192K)
 Metaspace       used 66455K, capacity 69381K, committed 69884K, reserved 1110016K
  class space    used 8233K, capacity 9425K, committed 9548K, reserved 1048576K
}
Event: 2204.790 GC heap before
{Heap before GC invocations=416 (full 0):
 garbage-first heap   total 343040K, used 256061K [0x0000000085400000, 0x0000000100000000)
  region size 1024K, 16 young (16384K), 8 survivors (8192K)
 Metaspace       used 66473K, capacity 69381K, committed 69884K, reserved 1110016K
  class space    used 8233K, capacity 9425K, committed 9548K, reserved 1048576K
}
Event: 2204.797 GC heap after
{Heap after GC invocations=417 (full 0):
 garbage-first heap   total 343040K, used 241189K [0x0000000085400000, 0x0000000100000000)
  region size 1024K, 2 young (2048K), 2 survivors (2048K)
 Metaspace       used 66473K, capacity 69381K, committed 69884K, reserved 1110016K
  class space    used 8233K, capacity 9425K, committed 9548K, reserved 1048576K
}
Event: 2379.835 GC heap before
{Heap before GC invocations=417 (full 0):
 garbage-first heap   total 343040K, used 288293K [0x0000000085400000, 0x0000000100000000)
  region size 1024K, 48 young (49152K), 2 survivors (2048K)
 Metaspace       used 66477K, capacity 69381K, committed 69884K, reserved 1110016K
  class space    used 8233K, capacity 9425K, committed 9548K, reserved 1048576K
}
Event: 2379.843 GC heap after
{Heap after GC invocations=418 (full 0):
 garbage-first heap   total 343040K, used 243237K [0x0000000085400000, 0x0000000100000000)
  region size 1024K, 4 young (4096K), 4 survivors (4096K)
 Metaspace       used 66477K, capacity 69381K, committed 69884K, reserved 1110016K
  class space    used 8233K, capacity 9425K, committed 9548K, reserved 1048576K
}
Event: 2534.881 GC heap before
{Heap before GC invocations=419 (full 0):
 garbage-first heap   total 343040K, used 290341K [0x0000000085400000, 0x0000000100000000)
  region size 1024K, 49 young (50176K), 4 survivors (4096K)
 Metaspace       used 66481K, capacity 69381K, committed 69884K, reserved 1110016K
  class space    used 8233K, capacity 9425K, committed 9548K, reserved 1048576K
}
Event: 2534.886 GC heap after
{Heap after GC invocations=420 (full 0):
 garbage-first heap   total 343040K, used 250145K [0x0000000085400000, 0x0000000100000000)
  region size 1024K, 7 young (7168K), 7 survivors (7168K)
 Metaspace       used 66481K, capacity 69381K, committed 69884K, reserved 1110016K
  class space    used 8233K, capacity 9425K, committed 9548K, reserved 1048576K
}
Event: 2534.894 GC heap before
{Heap before GC invocations=420 (full 0):
 garbage-first heap   total 343040K, used 259361K [0x0000000085400000, 0x0000000100000000)
  region size 1024K, 16 young (16384K), 7 survivors (7168K)
 Metaspace       used 66481K, capacity 69381K, committed 69884K, reserved 1110016K
  class space    used 8233K, capacity 9425K, committed 9548K, reserved 1048576K
}
Event: 2534.898 GC heap after
{Heap after GC invocations=421 (full 0):
 garbage-first heap   total 343040K, used 246209K [0x0000000085400000, 0x0000000100000000)
  region size 1024K, 2 young (2048K), 2 survivors (2048K)
 Metaspace       used 66481K, capacity 69381K, committed 69884K, reserved 1110016K
  class space    used 8233K, capacity 9425K, committed 9548K, reserved 1048576K
}
Event: 2556.819 GC heap before
{Heap before GC invocations=421 (full 0):
 garbage-first heap   total 343040K, used 290241K [0x0000000085400000, 0x0000000100000000)
  region size 1024K, 45 young (46080K), 2 survivors (2048K)
 Metaspace       used 66500K, capacity 69381K, committed 69884K, reserved 1110016K
  class space    used 8233K, capacity 9425K, committed 9548K, reserved 1048576K
}
Event: 2556.823 GC heap after
{Heap after GC invocations=422 (full 0):
 garbage-first heap   total 343040K, used 250537K [0x0000000085400000, 0x0000000100000000)
  region size 1024K, 6 young (6144K), 6 survivors (6144K)
 Metaspace       used 66500K, capacity 69381K, committed 69884K, reserved 1110016K
  class space    used 8233K, capacity 9425K, committed 9548K, reserved 1048576K
}
Event: 2727.344 GC heap before
{Heap before GC invocations=423 (full 0):
 garbage-first heap   total 343040K, used 291497K [0x0000000085400000, 0x0000000100000000)
  region size 1024K, 46 young (47104K), 6 survivors (6144K)
 Metaspace       used 66506K, capacity 69381K, committed 69884K, reserved 1110016K
  class space    used 8234K, capacity 9425K, committed 9548K, reserved 1048576K
}
Event: 2727.351 GC heap after
{Heap after GC invocations=424 (full 0):
 garbage-first heap   total 343040K, used 250672K [0x0000000085400000, 0x0000000100000000)
  region size 1024K, 1 young (1024K), 1 survivors (1024K)
 Metaspace       used 66506K, capacity 69381K, committed 69884K, reserved 1110016K
  class space    used 8234K, capacity 9425K, committed 9548K, reserved 1048576K
}
Event: 2805.339 GC heap before
{Heap before GC invocations=424 (full 0):
 garbage-first heap   total 343040K, used 266032K [0x0000000085400000, 0x0000000100000000)
  region size 1024K, 16 young (16384K), 1 survivors (1024K)
 Metaspace       used 66506K, capacity 69381K, committed 69884K, reserved 1110016K
  class space    used 8234K, capacity 9425K, committed 9548K, reserved 1048576K
}
Event: 2805.348 GC heap after
{Heap after GC invocations=425 (full 0):
 garbage-first heap   total 343040K, used 244797K [0x0000000085400000, 0x0000000100000000)
  region size 1024K, 1 young (1024K), 1 survivors (1024K)
 Metaspace       used 66506K, capacity 69381K, committed 69884K, reserved 1110016K
  class space    used 8234K, capacity 9425K, committed 9548K, reserved 1048576K
}
Event: 3037.653 GC heap before
{Heap before GC invocations=425 (full 0):
 garbage-first heap   total 343040K, used 289853K [0x0000000085400000, 0x0000000100000000)
  region size 1024K, 45 young (46080K), 1 survivors (1024K)
 Metaspace       used 66506K, capacity 69381K, committed 69884K, reserved 1110016K
  class space    used 8234K, capacity 9425K, committed 9548K, reserved 1048576K
}
Event: 3037.661 GC heap after
{Heap after GC invocations=426 (full 0):
 garbage-first heap   total 343040K, used 244783K [0x0000000085400000, 0x0000000100000000)
  region size 1024K, 1 young (1024K), 1 survivors (1024K)
 Metaspace       used 66506K, capacity 69381K, committed 69884K, reserved 1110016K
  class space    used 8234K, capacity 9425K, committed 9548K, reserved 1048576K
}

